
≡ƒî▒ Starting portfolio seed...

[Γú╖] Pulling schema from database...
[2K[1G[Γú»] Pulling schema from database...
[2K[1G[Γúƒ] Pulling schema from database...
[2K[1G[Γí┐] Pulling schema from database...
[2K[1G[Γ£ô] Pulling schema from database...
[22:09:21] [33mWARN[39m: [36mNo email adapter provided. Email will be written to console. More info at https://payloadcms.com/docs/email/overview.[39m
≡ƒùæ∩╕Å  Cleaning existing data...
   Deleted 0 existing projects
   Deleted 7 existing categories
   Deleted 0 existing media

≡ƒôü Creating categories...
   Γ£à Packaging Design
   Γ£à Brand Identity
   Γ£à Key Visual
   Γ£à E-commerce Content
   Γ£à Banner Design
   Γ£à Illustration
   Γ£à Photography

≡ƒôª Creating projects...

   ≡ƒôé Gillette Onsen Japan KV
      Uploading hero image...
      Processing 2 content blocks...
      Γ£à Created "Gillette Onsen Japan KV" (8 total images uploaded)

   ≡ƒôé Braun E-content (BT5, MGK & BT9)
      Uploading hero image...
      Processing 4 content blocks...
      Γ£à Created "Braun E-content (BT5, MGK & BT9)" (30 total images uploaded)

   ≡ƒôé Gillette Venus Festive Banner
      Uploading hero image...
      Processing 1 content blocks...
      Γ£à Created "Gillette Venus Festive Banner" (34 total images uploaded)

   ≡ƒôé Kellogg's Muesli
      Uploading hero image...
      Processing 6 content blocks...
      Γ£à Created "Kellogg's Muesli" (60 total images uploaded)

   ≡ƒôé Nippo
      Uploading hero image...
      Processing 5 content blocks...
      Γ£à Created "Nippo" (85 total images uploaded)

   ≡ƒôé Sugar Free D'lite
      Uploading hero image...
      Processing 6 content blocks...
      Γ£à Created "Sugar Free D'lite" (109 total images uploaded)

   ≡ƒôé Vizylac
      Uploading hero image...
      Processing 2 content blocks...
      Γ£à Created "Vizylac" (133 total images uploaded)

   ≡ƒôé Nature Fresh Oil
      Uploading hero image...
      Processing 1 content blocks...
      Γ£à Created "Nature Fresh Oil" (137 total images uploaded)

   ≡ƒôé Sugar Free D'lite Chocolate Spread
      Uploading hero image...
      Processing 2 content blocks...
      Γ£à Created "Sugar Free D'lite Chocolate Spread" (145 total images uploaded)

   ≡ƒôé Golden Terra Oil, Nigeria
      Uploading hero image...
      Processing 1 content blocks...
      Γ£à Created "Golden Terra Oil, Nigeria" (150 total images uploaded)

   ≡ƒôé Musaji Tea
      Uploading hero image...
      Processing 2 content blocks...
      Γ£à Created "Musaji Tea" (160 total images uploaded)

   ≡ƒôé Better For You, Illustrations
      Uploading hero image...
      Processing 3 content blocks...
      Γ£à Created "Better For You, Illustrations" (173 total images uploaded)

   ≡ƒôé Product Photography
      Uploading hero image...
      Processing 1 content blocks...
      Γ£à Created "Product Photography" (179 total images uploaded)

ΓòÉΓòÉΓòÉΓòÉΓòÉΓòÉΓòÉΓòÉΓòÉΓòÉΓòÉΓòÉΓòÉΓòÉΓòÉΓòÉΓòÉΓòÉΓòÉΓòÉΓòÉΓòÉΓòÉΓòÉΓòÉΓòÉΓòÉΓòÉΓòÉΓòÉΓòÉΓòÉΓòÉΓòÉΓòÉΓòÉΓòÉΓòÉΓòÉΓòÉΓòÉΓòÉΓòÉΓòÉΓòÉΓòÉΓòÉΓòÉΓòÉΓòÉΓòÉΓòÉΓòÉΓòÉΓòÉΓòÉΓòÉΓòÉΓòÉΓòÉ
Γ£à Seed complete!
   ≡ƒôü 7 categories created
   ≡ƒôª 13 projects created
   ≡ƒû╝∩╕Å  179 images uploaded
   Γ¡É 5 featured projects
ΓòÉΓòÉΓòÉΓòÉΓòÉΓòÉΓòÉΓòÉΓòÉΓòÉΓòÉΓòÉΓòÉΓòÉΓòÉΓòÉΓòÉΓòÉΓòÉΓòÉΓòÉΓòÉΓòÉΓòÉΓòÉΓòÉΓòÉΓòÉΓòÉΓòÉΓòÉΓòÉΓòÉΓòÉΓòÉΓòÉΓòÉΓòÉΓòÉΓòÉΓòÉΓòÉΓòÉΓòÉΓòÉΓòÉΓòÉΓòÉΓòÉΓòÉΓòÉΓòÉΓòÉΓòÉΓòÉΓòÉΓòÉΓòÉΓòÉΓòÉ

